05:06:51.350 [main                     ] DEBUG Logger               - Configured Logger
05:06:51.351 [main                     ] DEBUG GameApplication      - Logging settings
Title: Game
Version: 0.0
Width: 800
Height: 600
Fullscreen: false
Intro: false
Profiling: false
Single step:false
App Mode: DEVELOPER
Menu Key: ESCAPE
Stage Style: DECORATED
Scene Factory: class com.almasb.fxgl.app.scene.SceneFactory

05:06:51.554 [JavaFX Application Thread] DEBUG FXGLApplication      - Initializing FXGL
05:06:51.555 [JavaFX Application Thread] INFO  Engine               - FXGL-11.16 (25.05.2021 08.16) on WINDOWS (J:16.0.1 FX:16)
05:06:51.555 [JavaFX Application Thread] DEBUG Engine               - JRE Vendor Name: Oracle Corporation
05:06:51.555 [JavaFX Application Thread] DEBUG Engine               - Running on OS: Windows 10 version 10.0
05:06:51.555 [JavaFX Application Thread] DEBUG Engine               - Architecture: amd64
05:06:51.555 [JavaFX Application Thread] INFO  Engine               - Source code and latest versions at: https://github.com/AlmasB/FXGL
05:06:51.555 [JavaFX Application Thread] INFO  Engine               -              Join the FXGL chat at: https://gitter.im/AlmasB/FXGL
05:06:51.599 [JavaFX Application Thread] DEBUG PrimaryStageWindow   - Creating a JavaFX scene
05:06:51.618 [JavaFX Application Thread] DEBUG PrimaryStageWindow   - Target settings size: 800.0 x 600.0
05:06:51.618 [JavaFX Application Thread] DEBUG PrimaryStageWindow   - Scaled scene size:    800.0 x 600.0
05:06:51.618 [JavaFX Application Thread] DEBUG PrimaryStageWindow   - Scaled ratio: (1.0, 1.0)
05:06:51.618 [JavaFX Application Thread] DEBUG PrimaryStageWindow   - Set initial scene to FXGLStartupScene
05:06:51.623 [JavaFX Application Thread] DEBUG PrimaryStageWindow   - Opening main window
05:06:51.684 [JavaFX Application Thread] DEBUG PrimaryStageWindow   - Window border size: (14.4000244140625, 37.5999755859375)
05:06:51.684 [JavaFX Application Thread] DEBUG PrimaryStageWindow   - Scaled size: 800.0 x 600.0
05:06:51.684 [JavaFX Application Thread] DEBUG PrimaryStageWindow   - Scaled ratio: (1.0, 1.0)
05:06:51.684 [JavaFX Application Thread] DEBUG PrimaryStageWindow   - Scene size: 800.0 x 600.0
05:06:51.684 [JavaFX Application Thread] DEBUG PrimaryStageWindow   - Stage size: 814.4000244140625 x 637.5999755859375
05:06:51.687 [FXGL Background Thread 1 ] DEBUG Engine               - Initializing environment variables
05:06:51.699 [FXGL Background Thread 1 ] DEBUG FXGLAssetLoaderServi - User app class for loading assets: class me.kodysimpson.javabasedconfiguration.services.GameService
05:06:51.699 [FXGL Background Thread 1 ] DEBUG GameApplicationServi - Applying CSS: fxgl_dark.css
05:06:51.700 [FXGL Background Thread 1 ] DEBUG FXGLAssetLoaderServi - Loading from file system: jar:file:/C:/Users/kingk/.m2/repository/com/github/almasb/fxgl/11.16/fxgl-11.16.jar!/fxglassets/ui/css/fxgl_dark.css
05:06:51.722 [FXGL Background Thread 1 ] DEBUG GameApplicationServi - Initializing application scenes
05:06:51.737 [FXGL Background Thread 1 ] DEBUG GameWorld            - Game world initialized
05:06:51.766 [FXGL Background Thread 1 ] DEBUG PhysicsWorld         - Physics world initialized: appHeight=600, physics.ppm=50.0
05:06:51.766 [FXGL Background Thread 1 ] DEBUG PhysicsWorld         - Using strategy: BRUTE_FORCE
05:06:51.768 [FXGL Background Thread 1 ] DEBUG GameScene            - Game scene initialized: 800x600
05:06:51.773 [FXGL Background Thread 1 ] DEBUG FXGL.DefaultMenu     - createMenuBodyGameMenu()
05:06:51.780 [FXGL Background Thread 1 ] DEBUG FXGL.DefaultMenu     - createOptionsMenu()
05:06:51.784 [FXGL Background Thread 1 ] DEBUG FXGLAssetLoaderServi - Loading from file system: jar:file:/C:/Users/kingk/.m2/repository/com/github/almasb/fxgl/11.16/fxgl-11.16.jar!/fxglassets/textures/particles/smoke.png
05:06:51.829 [FXGL Background Thread 1 ] DEBUG FXGLAssetLoaderServi - Loading from file system: jar:file:/C:/Users/kingk/.m2/repository/com/github/almasb/fxgl/11.16/fxgl-11.16.jar!/fxglassets/textures/particles/trace_horizontal.png
05:06:51.837 [FXGL Background Thread 1 ] DEBUG GameApplicationServi - Application scenes initialized
05:06:51.842 [FXGL Background Thread 1 ] DEBUG SystemBundleService  - Loading FXGL system data
05:06:51.843 [FXGL Background Thread 1 ] DEBUG FileSystemAccess     - Reading from: D:\Development\Spring Framework\Java Based Configuration\system\fxgl.bundle
05:06:51.844 [FXGL Background Thread 1 ] DEBUG SystemBundleService  - Bundle FXGL: {}
05:06:51.844 [FXGL Background Thread 1 ] DEBUG UpdaterService       - Checking for updates
05:06:51.846 [FXGL Background Thread 4 ] DEBUG FXGLApplication      - Loading fonts
05:06:51.846 [FXGL Background Thread 1 ] DEBUG FXGLApplication      - Loading default localization
05:06:51.846 [FXGL Background Thread 4 ] DEBUG FXGLAssetLoaderServi - Loading from file system: jar:file:/C:/Users/kingk/.m2/repository/com/github/almasb/fxgl/11.16/fxgl-11.16.jar!/fxglassets/ui/fonts/VarelaRound-Regular.ttf
05:06:51.846 [FXGL Background Thread 1 ] DEBUG FXGLAssetLoaderServi - Loading from file system: jar:file:/C:/Users/kingk/.m2/repository/com/github/almasb/fxgl/11.16/fxgl-11.16.jar!/fxglassets/languages/english.lang
05:06:51.854 [FXGL Background Thread 1 ] INFO  FXGLApplication      - FXGL initialization took: 0.167 sec
05:06:51.857 [JavaFX Application Thread] DEBUG Input                - Registered new binding: action0 - D
05:06:51.857 [JavaFX Application Thread] DEBUG Input                - Registered new binding: action1 - A
05:06:51.857 [JavaFX Application Thread] DEBUG Input                - Registered new binding: action2 - W
05:06:51.857 [JavaFX Application Thread] DEBUG Input                - Registered new binding: action3 - S
05:06:51.857 [JavaFX Application Thread] DEBUG FXGLAssetLoaderServi - Loading from file system: jar:file:/C:/Users/kingk/.m2/repository/com/github/almasb/fxgl/11.16/fxgl-11.16.jar!/fxglassets/textures/fxgl_icon.png
05:06:51.858 [FXGL Background Thread 4 ] DEBUG FXGLAssetLoaderServi - Loading from file system: jar:file:/C:/Users/kingk/.m2/repository/com/github/almasb/fxgl/11.16/fxgl-11.16.jar!/fxglassets/ui/fonts/Abel-Regular.ttf
05:06:51.865 [FXGL Background Thread 4 ] DEBUG FXGLAssetLoaderServi - Loading from file system: jar:file:/C:/Users/kingk/.m2/repository/com/github/almasb/fxgl/11.16/fxgl-11.16.jar!/fxglassets/ui/fonts/lucida_console.ttf
05:06:51.868 [JavaFX Application Thread] DEBUG FXGLAssetLoaderServi - Loading from file system: jar:file:/C:/Users/kingk/.m2/repository/com/github/almasb/fxgl/11.16/fxgl-11.16.jar!/fxglassets/textures/fxgl_default_cursor.png
05:06:51.869 [JavaFX Application Thread] DEBUG Input                - Registered new binding: Screenshot - CTRL+8
05:06:51.870 [JavaFX Application Thread] DEBUG Input                - Registered new binding: System info dump - CTRL+9
05:06:51.870 [JavaFX Application Thread] DEBUG Input                - Registered new binding: Restart - CTRL+R
05:06:51.870 [JavaFX Application Thread] DEBUG Input                - Registered new binding: Toggle Debug Camera - CTRL+C
05:06:51.871 [JavaFX Application Thread] DEBUG LoopRunner           - Starting loop
05:06:51.871 [JavaFX Application Thread] DEBUG LoopRunner           - Initializing JavaFX AnimationTimerLoop
05:06:51.872 [JavaFX Application Thread] DEBUG GameApplicationServi - Starting new game
05:06:51.872 [JavaFX Application Thread] DEBUG Input                - Clearing active input actions
05:06:51.874 [FXGL Background Thread 4 ] DEBUG FXGLAssetLoaderServi - Loading from file system: jar:file:/C:/Users/kingk/.m2/repository/com/github/almasb/fxgl/11.16/fxgl-11.16.jar!/fxglassets/ui/fonts/Courier-Prime.ttf
05:06:51.878 [JavaFX Application Thread] DEBUG GameApplicationServi - Removing overlay from FXGLStartupScene and adding to FXGLLoadingScene
05:06:51.878 [JavaFX Application Thread] DEBUG PrimaryStageWindow   - FXGLStartupScene -> FXGLLoadingScene
05:06:51.878 [JavaFX Application Thread] DEBUG GameApplicationServi - Clearing previous game
05:06:51.878 [JavaFX Application Thread] DEBUG GameScene            - Clearing game scene
05:06:51.878 [JavaFX Application Thread] DEBUG GameWorld            - Clearing game world
05:06:51.878 [JavaFX Application Thread] DEBUG PhysicsWorld         - Clearing physics world
05:06:51.879 [FXGL Background Thread 1 ] DEBUG FXGLApplication      - Initializing game
05:06:51.881 [JavaFX Application Thread] DEBUG LoopRunner           - Stopping loop
05:06:51.881 [JavaFX Application Thread] FATAL FXGLApplication      - Uncaught Exception:
java.lang.RuntimeException: Initialization failed
	at com.almasb.fxgl.app.FXGLApplication$InitAppTask.failed(FXGLApplication.kt:343)
	at javafx.concurrent.Task.setState(Task.java:710)
	at javafx.concurrent.Task$TaskCallable.lambda$call$2(Task.java:1455)
	at com.sun.javafx.application.PlatformImpl.lambda$runLater$10(PlatformImpl.java:447)
	at java.base/java.security.AccessController.doPrivileged(AccessController.java:391)
	at com.sun.javafx.application.PlatformImpl.lambda$runLater$11(PlatformImpl.java:446)
	at com.sun.glass.ui.InvokeLaterDispatcher$Future.run(InvokeLaterDispatcher.java:96)
	at com.sun.glass.ui.win.WinApplication._runLoop(Native Method)
	at com.sun.glass.ui.win.WinApplication.lambda$runLoop$3(WinApplication.java:174)
	at java.base/java.lang.Thread.run(Thread.java:831)
Caused by: java.lang.NullPointerException: Cannot invoke "me.kodysimpson.javabasedconfiguration.services.RectangleShapeServiceImpl.getShape(javafx.scene.paint.Color)" because "this.shapeService" is null
	at me.kodysimpson.javabasedconfiguration.services.GameService.initGame(GameService.java:67)
	at com.almasb.fxgl.app.FXGLApplication$InitAppTask.initGame(FXGLApplication.kt:339)
	at com.almasb.fxgl.app.FXGLApplication$InitAppTask.call(FXGLApplication.kt:319)
	at com.almasb.fxgl.app.FXGLApplication$InitAppTask.call(FXGLApplication.kt:311)
	at javafx.concurrent.Task$TaskCallable.call(Task.java:1425)
	at java.base/java.util.concurrent.FutureTask.run(FutureTask.java:264)
	at java.base/java.util.concurrent.Executors$RunnableAdapter.call(Executors.java:515)
	at java.base/java.util.concurrent.FutureTask.run(FutureTask.java:264)
	at java.base/java.util.concurrent.ThreadPoolExecutor.runWorker(ThreadPoolExecutor.java:1130)
	at java.base/java.util.concurrent.ThreadPoolExecutor$Worker.run(ThreadPoolExecutor.java:630)
	... 1 more

05:06:51.881 [JavaFX Application Thread] FATAL FXGLApplication      - Application will now exit
05:06:51.889 [JavaFX Application Thread] DEBUG PrimaryStageWindow   - Push state: ErrorSubScene
05:06:51.889 [JavaFX Application Thread] DEBUG Input                - Clearing active input actions
05:06:51.892 [JavaFX Application Thread] DEBUG GameApplicationServi - Removing overlay from FXGLLoadingScene and adding to ErrorSubScene
05:06:51.892 [JavaFX Application Thread] DEBUG PrimaryStageWindow   - FXGLLoadingScene -> ErrorSubScene
05:06:51.892 [JavaFX Application Thread] DEBUG FXGLApplication      - Registering font factories with UI factory
05:06:54.846 [FXGL Background Thread 3 ] DEBUG Engine               - Logging environment variables
05:06:54.846 [FXGL Background Thread 3 ] DEBUG Engine               - achievements: []
05:06:54.846 [FXGL Background Thread 3 ] DEBUG Engine               - actualHeight: 600.0
05:06:54.846 [FXGL Background Thread 3 ] DEBUG Engine               - actualHeightProperty: ReadOnlyDoubleProperty [value: 600.0]
05:06:54.847 [FXGL Background Thread 3 ] DEBUG Engine               - actualWidth: 800.0
05:06:54.847 [FXGL Background Thread 3 ] DEBUG Engine               - actualWidthProperty: ReadOnlyDoubleProperty [value: 800.0]
05:06:54.847 [FXGL Background Thread 3 ] DEBUG Engine               - appIcon: fxgl_icon.png
05:06:54.847 [FXGL Background Thread 3 ] DEBUG Engine               - applicationMode: DEVELOPER
05:06:54.847 [FXGL Background Thread 3 ] DEBUG Engine               - cSSList: [fxgl_dark.css]
05:06:54.847 [FXGL Background Thread 3 ] DEBUG Engine               - collisionDetectionStrategy: BRUTE_FORCE
05:06:54.847 [FXGL Background Thread 3 ] DEBUG Engine               - configClass: Optional.empty
05:06:54.847 [FXGL Background Thread 3 ] DEBUG Engine               - credits: []
05:06:54.847 [FXGL Background Thread 3 ] DEBUG Engine               - defaultCursor: CursorInfo(imageName=fxgl_default_cursor.png, hotspotX=7.0, hotspotY=6.0)
05:06:54.847 [FXGL Background Thread 3 ] DEBUG Engine               - devBBoxColorProperty: ObjectProperty [value: 0xff0000ff]
05:06:54.847 [FXGL Background Thread 3 ] DEBUG Engine               - devEnableDebugCameraProperty: BooleanProperty [value: false]
05:06:54.847 [FXGL Background Thread 3 ] DEBUG Engine               - devSensorColorProperty: ObjectProperty [value: 0xffff00ff]
05:06:54.847 [FXGL Background Thread 3 ] DEBUG Engine               - devShowBBoxProperty: BooleanProperty [value: false]
05:06:54.847 [FXGL Background Thread 3 ] DEBUG Engine               - devShowPositionProperty: BooleanProperty [value: false]
05:06:54.848 [FXGL Background Thread 3 ] DEBUG Engine               - enabledMenuItems: []
05:06:54.848 [FXGL Background Thread 3 ] DEBUG Engine               - engineServices: [class com.almasb.fxgl.app.services.FXGLAssetLoaderService, class com.almasb.fxgl.app.FXGLApplication$GameApplicationService, class com.almasb.fxgl.app.services.FXGLDialogService, class com.almasb.fxgl.app.services.IOTaskExecutorService, class com.almasb.fxgl.io.FileSystemService, class com.almasb.fxgl.localization.LocalizationService, class com.almasb.fxgl.app.services.SystemBundleService, class com.almasb.fxgl.profile.SaveLoadService, class com.almasb.fxgl.ui.FXGLUIFactoryServiceProvider, class com.almasb.fxgl.ui.FXGLDialogFactoryServiceProvider, class com.almasb.fxgl.audio.AudioPlayer, class com.almasb.fxgl.notification.impl.NotificationServiceProvider, class com.almasb.fxgl.achievement.AchievementService, class com.almasb.fxgl.cutscene.CutsceneService, class com.almasb.fxgl.minigames.MiniGameService, class com.almasb.fxgl.net.NetService, class com.almasb.fxgl.app.services.UpdaterService, class com.almasb.fxgl.dev.DevService]
05:06:54.848 [FXGL Background Thread 3 ] DEBUG Engine               - fontGame: Abel-Regular.ttf
05:06:54.848 [FXGL Background Thread 3 ] DEBUG Engine               - fontMono: lucida_console.ttf
05:06:54.848 [FXGL Background Thread 3 ] DEBUG Engine               - fontText: Courier-Prime.ttf
05:06:54.848 [FXGL Background Thread 3 ] DEBUG Engine               - fontUI: VarelaRound-Regular.ttf
05:06:54.848 [FXGL Background Thread 3 ] DEBUG Engine               - fullScreen: BooleanProperty [value: false]
05:06:54.848 [FXGL Background Thread 3 ] DEBUG Engine               - gameDifficulty: MEDIUM
05:06:54.848 [FXGL Background Thread 3 ] DEBUG Engine               - gameDifficultyProperty: ObjectProperty [value: MEDIUM]
05:06:54.848 [FXGL Background Thread 3 ] DEBUG Engine               - globalMusicVolume: 0.5
05:06:54.848 [FXGL Background Thread 3 ] DEBUG Engine               - globalMusicVolumeProperty: DoubleProperty [value: 0.5]
05:06:54.848 [FXGL Background Thread 3 ] DEBUG Engine               - globalSoundVolume: 0.5
05:06:54.848 [FXGL Background Thread 3 ] DEBUG Engine               - globalSoundVolumeProperty: DoubleProperty [value: 0.5]
05:06:54.848 [FXGL Background Thread 3 ] DEBUG Engine               - height: 600
05:06:54.848 [FXGL Background Thread 3 ] DEBUG Engine               - is3D: false
05:06:54.848 [FXGL Background Thread 3 ] DEBUG Engine               - isAndroid: false
05:06:54.848 [FXGL Background Thread 3 ] DEBUG Engine               - isBrowser: false
05:06:54.849 [FXGL Background Thread 3 ] DEBUG Engine               - isClickFeedbackEnabled: false
05:06:54.849 [FXGL Background Thread 3 ] DEBUG Engine               - isCloseConfirmation: false
05:06:54.849 [FXGL Background Thread 3 ] DEBUG Engine               - isDesktop: true
05:06:54.849 [FXGL Background Thread 3 ] DEBUG Engine               - isDeveloperMenuEnabled: false
05:06:54.849 [FXGL Background Thread 3 ] DEBUG Engine               - isEntityPreloadEnabled: true
05:06:54.849 [FXGL Background Thread 3 ] DEBUG Engine               - isExperimentalTiledLargeMap: false
05:06:54.849 [FXGL Background Thread 3 ] DEBUG Engine               - isFileSystemWriteAllowed: true
05:06:54.849 [FXGL Background Thread 3 ] DEBUG Engine               - isFullScreenAllowed: false
05:06:54.849 [FXGL Background Thread 3 ] DEBUG Engine               - isFullScreenFromStart: false
05:06:54.849 [FXGL Background Thread 3 ] DEBUG Engine               - isGameMenuEnabled: true
05:06:54.849 [FXGL Background Thread 3 ] DEBUG Engine               - isIOS: false
05:06:54.849 [FXGL Background Thread 3 ] DEBUG Engine               - isIntroEnabled: false
05:06:54.849 [FXGL Background Thread 3 ] DEBUG Engine               - isLinux: false
05:06:54.849 [FXGL Background Thread 3 ] DEBUG Engine               - isMac: false
05:06:54.849 [FXGL Background Thread 3 ] DEBUG Engine               - isMainMenuEnabled: false
05:06:54.849 [FXGL Background Thread 3 ] DEBUG Engine               - isManualResizeEnabled: false
05:06:54.849 [FXGL Background Thread 3 ] DEBUG Engine               - isMobile: false
05:06:54.849 [FXGL Background Thread 3 ] DEBUG Engine               - isNative: false
05:06:54.849 [FXGL Background Thread 3 ] DEBUG Engine               - isPreserveResizeRatio: false
05:06:54.850 [FXGL Background Thread 3 ] DEBUG Engine               - isProfilingEnabled: false
05:06:54.850 [FXGL Background Thread 3 ] DEBUG Engine               - isScaleAffectedOnResize: true
05:06:54.850 [FXGL Background Thread 3 ] DEBUG Engine               - isSingleStep: false
05:06:54.850 [FXGL Background Thread 3 ] DEBUG Engine               - isUserProfileEnabled: false
05:06:54.850 [FXGL Background Thread 3 ] DEBUG Engine               - isWindows: true
05:06:54.850 [FXGL Background Thread 3 ] DEBUG Engine               - language: ObjectProperty [value: ENGLISH]
05:06:54.850 [FXGL Background Thread 3 ] DEBUG Engine               - menuKey: ESCAPE
05:06:54.850 [FXGL Background Thread 3 ] DEBUG Engine               - mouseSensitivity: 0.2
05:06:54.850 [FXGL Background Thread 3 ] DEBUG Engine               - notificationViewClass: class com.almasb.fxgl.notification.view.XboxNotificationView
05:06:54.850 [FXGL Background Thread 3 ] DEBUG Engine               - pixelsPerMeter: 50.0
05:06:54.850 [FXGL Background Thread 3 ] DEBUG Engine               - platform: WINDOWS
05:06:54.850 [FXGL Background Thread 3 ] DEBUG Engine               - prefHeightProperty: ReadOnlyDoubleProperty [value: 600.0]
05:06:54.850 [FXGL Background Thread 3 ] DEBUG Engine               - prefWidthProperty: ReadOnlyDoubleProperty [value: 800.0]
05:06:54.850 [FXGL Background Thread 3 ] DEBUG Engine               - profileDir: profiles/
05:06:54.850 [FXGL Background Thread 3 ] DEBUG Engine               - profileName: StringProperty [value: DEFAULT]
05:06:54.850 [FXGL Background Thread 3 ] DEBUG Engine               - randomSeed: -1
05:06:54.850 [FXGL Background Thread 3 ] DEBUG Engine               - runtimeInfo: RuntimeInfo(platform=WINDOWS, version=11.16, build=25.05.2021 08.16)
05:06:54.850 [FXGL Background Thread 3 ] DEBUG Engine               - saveFileExt: sav
05:06:54.851 [FXGL Background Thread 3 ] DEBUG Engine               - scaledHeightProp$fxgl: DoubleProperty [bound, value: 600.0]
05:06:54.851 [FXGL Background Thread 3 ] DEBUG Engine               - scaledWidthProp$fxgl: DoubleProperty [bound, value: 800.0]
05:06:54.851 [FXGL Background Thread 3 ] DEBUG Engine               - sceneFactory: com.almasb.fxgl.app.scene.SceneFactory@7768f1f4
05:06:54.851 [FXGL Background Thread 3 ] DEBUG Engine               - secondsIn24h: 60
05:06:54.851 [FXGL Background Thread 3 ] DEBUG Engine               - soundMenuBack: menu/back.wav
05:06:54.851 [FXGL Background Thread 3 ] DEBUG Engine               - soundMenuPress: menu/press.wav
05:06:54.851 [FXGL Background Thread 3 ] DEBUG Engine               - soundMenuSelect: menu/select.wav
05:06:54.851 [FXGL Background Thread 3 ] DEBUG Engine               - soundNotification: core/notification.wav
05:06:54.851 [FXGL Background Thread 3 ] DEBUG Engine               - stageStyle: DECORATED
05:06:54.851 [FXGL Background Thread 3 ] DEBUG Engine               - supportedLanguages: [ENGLISH, FRENCH, GERMAN, HUNGARIAN, RUSSIAN]
05:06:54.851 [FXGL Background Thread 3 ] DEBUG Engine               - ticksPerSecond: -1
05:06:54.851 [FXGL Background Thread 3 ] DEBUG Engine               - title: Game
05:06:54.851 [FXGL Background Thread 3 ] DEBUG Engine               - urlGithub: https://github.com/AlmasB/FXGL
05:06:54.851 [FXGL Background Thread 3 ] DEBUG Engine               - urlLeaderboard: http://fxgl-top.herokuapp.com/
05:06:54.851 [FXGL Background Thread 3 ] DEBUG Engine               - urlPOM: https://raw.githubusercontent.com/AlmasB/FXGL/release/README.md
05:06:54.851 [FXGL Background Thread 3 ] DEBUG Engine               - userAppClass: class me.kodysimpson.javabasedconfiguration.services.GameService
05:06:54.851 [FXGL Background Thread 3 ] DEBUG Engine               - version: 0.0
05:06:54.851 [FXGL Background Thread 3 ] DEBUG Engine               - versionCheckDays: 7
05:06:54.851 [FXGL Background Thread 3 ] DEBUG Engine               - width: 800
05:06:54.851 [FXGL Background Thread 3 ] DEBUG Engine               - Logging services
05:06:54.852 [FXGL Background Thread 3 ] DEBUG Engine               - class com.almasb.fxgl.app.services.FXGLAssetLoaderService
05:06:54.852 [FXGL Background Thread 3 ] DEBUG Engine               - class com.almasb.fxgl.app.FXGLApplication$GameApplicationService
05:06:54.852 [FXGL Background Thread 3 ] DEBUG Engine               - class com.almasb.fxgl.app.services.FXGLDialogService
05:06:54.852 [FXGL Background Thread 3 ] DEBUG Engine               - class com.almasb.fxgl.app.services.IOTaskExecutorService
05:06:54.852 [FXGL Background Thread 3 ] DEBUG Engine               - class com.almasb.fxgl.io.FileSystemService
05:06:54.852 [FXGL Background Thread 3 ] DEBUG Engine               - class com.almasb.fxgl.localization.LocalizationService
05:06:54.852 [FXGL Background Thread 3 ] DEBUG Engine               - class com.almasb.fxgl.app.services.SystemBundleService
05:06:54.852 [FXGL Background Thread 3 ] DEBUG Engine               - class com.almasb.fxgl.profile.SaveLoadService
05:06:54.852 [FXGL Background Thread 3 ] DEBUG Engine               - class com.almasb.fxgl.ui.FXGLUIFactoryServiceProvider
05:06:54.852 [FXGL Background Thread 3 ] DEBUG Engine               - class com.almasb.fxgl.ui.FXGLDialogFactoryServiceProvider
05:06:54.852 [FXGL Background Thread 3 ] DEBUG Engine               - class com.almasb.fxgl.audio.AudioPlayer
05:06:54.852 [FXGL Background Thread 3 ] DEBUG Engine               - class com.almasb.fxgl.notification.impl.NotificationServiceProvider
05:06:54.852 [FXGL Background Thread 3 ] DEBUG Engine               - class com.almasb.fxgl.achievement.AchievementService
05:06:54.852 [FXGL Background Thread 3 ] DEBUG Engine               - class com.almasb.fxgl.cutscene.CutsceneService
05:06:54.852 [FXGL Background Thread 3 ] DEBUG Engine               - class com.almasb.fxgl.minigames.MiniGameService
05:06:54.852 [FXGL Background Thread 3 ] DEBUG Engine               - class com.almasb.fxgl.net.NetService
05:06:54.852 [FXGL Background Thread 3 ] DEBUG Engine               - class com.almasb.fxgl.app.services.UpdaterService
05:06:54.852 [FXGL Background Thread 3 ] DEBUG Engine               - class com.almasb.fxgl.dev.DevService
05:06:57.590 [JavaFX Application Thread] DEBUG FXGLApplication      - Exiting FXGL
05:06:57.590 [JavaFX Application Thread] DEBUG Async                - Shutting down background threads
05:06:57.590 [JavaFX Application Thread] DEBUG PrimaryStageWindow   - Closing main window
05:06:57.600 [JavaFX Application Thread] DEBUG Logger               - Closing Logger
