05:22:54.986 [main                     ] DEBUG Logger               - Configured Logger
05:22:54.987 [main                     ] DEBUG GameApplication      - Logging settings
Title: Game
Version: 0.0
Width: 800
Height: 600
Fullscreen: false
Intro: false
Profiling: false
Single step:false
App Mode: DEVELOPER
Menu Key: ESCAPE
Stage Style: DECORATED
Scene Factory: class com.almasb.fxgl.app.scene.SceneFactory

05:22:55.189 [JavaFX Application Thread] DEBUG FXGLApplication      - Initializing FXGL
05:22:55.190 [JavaFX Application Thread] INFO  Engine               - FXGL-11.16 (25.05.2021 08.16) on WINDOWS (J:16.0.1 FX:16)
05:22:55.190 [JavaFX Application Thread] DEBUG Engine               - JRE Vendor Name: Oracle Corporation
05:22:55.190 [JavaFX Application Thread] DEBUG Engine               - Running on OS: Windows 10 version 10.0
05:22:55.190 [JavaFX Application Thread] DEBUG Engine               - Architecture: amd64
05:22:55.190 [JavaFX Application Thread] INFO  Engine               - Source code and latest versions at: https://github.com/AlmasB/FXGL
05:22:55.190 [JavaFX Application Thread] INFO  Engine               -              Join the FXGL chat at: https://gitter.im/AlmasB/FXGL
05:22:55.235 [JavaFX Application Thread] DEBUG PrimaryStageWindow   - Creating a JavaFX scene
05:22:55.253 [JavaFX Application Thread] DEBUG PrimaryStageWindow   - Target settings size: 800.0 x 600.0
05:22:55.253 [JavaFX Application Thread] DEBUG PrimaryStageWindow   - Scaled scene size:    800.0 x 600.0
05:22:55.254 [JavaFX Application Thread] DEBUG PrimaryStageWindow   - Scaled ratio: (1.0, 1.0)
05:22:55.254 [JavaFX Application Thread] DEBUG PrimaryStageWindow   - Set initial scene to FXGLStartupScene
05:22:55.258 [JavaFX Application Thread] DEBUG PrimaryStageWindow   - Opening main window
05:22:55.315 [JavaFX Application Thread] DEBUG PrimaryStageWindow   - Window border size: (14.4000244140625, 37.5999755859375)
05:22:55.315 [JavaFX Application Thread] DEBUG PrimaryStageWindow   - Scaled size: 800.0 x 600.0
05:22:55.315 [JavaFX Application Thread] DEBUG PrimaryStageWindow   - Scaled ratio: (1.0, 1.0)
05:22:55.315 [JavaFX Application Thread] DEBUG PrimaryStageWindow   - Scene size: 800.0 x 600.0
05:22:55.315 [JavaFX Application Thread] DEBUG PrimaryStageWindow   - Stage size: 814.4000244140625 x 637.5999755859375
05:22:55.318 [FXGL Background Thread 1 ] DEBUG Engine               - Initializing environment variables
05:22:55.331 [FXGL Background Thread 1 ] DEBUG FXGLAssetLoaderServi - User app class for loading assets: class me.kodysimpson.javabasedconfiguration.JavaBasedConfigurationApplication
05:22:55.331 [FXGL Background Thread 1 ] DEBUG GameApplicationServi - Applying CSS: fxgl_dark.css
05:22:55.331 [FXGL Background Thread 1 ] DEBUG FXGLAssetLoaderServi - Loading from file system: jar:file:/C:/Users/kingk/.m2/repository/com/github/almasb/fxgl/11.16/fxgl-11.16.jar!/fxglassets/ui/css/fxgl_dark.css
05:22:55.351 [FXGL Background Thread 1 ] DEBUG GameApplicationServi - Initializing application scenes
05:22:55.368 [FXGL Background Thread 1 ] DEBUG GameWorld            - Game world initialized
05:22:55.397 [FXGL Background Thread 1 ] DEBUG PhysicsWorld         - Physics world initialized: appHeight=600, physics.ppm=50.0
05:22:55.397 [FXGL Background Thread 1 ] DEBUG PhysicsWorld         - Using strategy: BRUTE_FORCE
05:22:55.398 [FXGL Background Thread 1 ] DEBUG GameScene            - Game scene initialized: 800x600
05:22:55.404 [FXGL Background Thread 1 ] DEBUG FXGL.DefaultMenu     - createMenuBodyGameMenu()
05:22:55.411 [FXGL Background Thread 1 ] DEBUG FXGL.DefaultMenu     - createOptionsMenu()
05:22:55.415 [FXGL Background Thread 1 ] DEBUG FXGLAssetLoaderServi - Loading from file system: jar:file:/C:/Users/kingk/.m2/repository/com/github/almasb/fxgl/11.16/fxgl-11.16.jar!/fxglassets/textures/particles/smoke.png
05:22:55.459 [FXGL Background Thread 1 ] DEBUG FXGLAssetLoaderServi - Loading from file system: jar:file:/C:/Users/kingk/.m2/repository/com/github/almasb/fxgl/11.16/fxgl-11.16.jar!/fxglassets/textures/particles/trace_horizontal.png
05:22:55.468 [FXGL Background Thread 1 ] DEBUG GameApplicationServi - Application scenes initialized
05:22:55.473 [FXGL Background Thread 1 ] DEBUG SystemBundleService  - Loading FXGL system data
05:22:55.474 [FXGL Background Thread 1 ] DEBUG FileSystemAccess     - Reading from: D:\Development\Spring Framework\Java Based Configuration\system\fxgl.bundle
05:22:55.475 [FXGL Background Thread 1 ] DEBUG SystemBundleService  - Bundle FXGL: {}
05:22:55.475 [FXGL Background Thread 1 ] DEBUG UpdaterService       - Checking for updates
05:22:55.477 [FXGL Background Thread 4 ] DEBUG FXGLApplication      - Loading fonts
05:22:55.477 [FXGL Background Thread 1 ] DEBUG FXGLApplication      - Loading default localization
05:22:55.478 [FXGL Background Thread 4 ] DEBUG FXGLAssetLoaderServi - Loading from file system: jar:file:/C:/Users/kingk/.m2/repository/com/github/almasb/fxgl/11.16/fxgl-11.16.jar!/fxglassets/ui/fonts/VarelaRound-Regular.ttf
05:22:55.478 [FXGL Background Thread 1 ] DEBUG FXGLAssetLoaderServi - Loading from file system: jar:file:/C:/Users/kingk/.m2/repository/com/github/almasb/fxgl/11.16/fxgl-11.16.jar!/fxglassets/languages/english.lang
05:22:55.486 [FXGL Background Thread 1 ] INFO  FXGLApplication      - FXGL initialization took: 0.168 sec
05:22:55.489 [JavaFX Application Thread] DEBUG Input                - Registered new binding: action0 - D
05:22:55.489 [JavaFX Application Thread] DEBUG Input                - Registered new binding: action1 - A
05:22:55.489 [JavaFX Application Thread] DEBUG Input                - Registered new binding: action2 - W
05:22:55.489 [JavaFX Application Thread] DEBUG Input                - Registered new binding: action3 - S
05:22:55.490 [JavaFX Application Thread] DEBUG FXGLAssetLoaderServi - Loading from file system: jar:file:/C:/Users/kingk/.m2/repository/com/github/almasb/fxgl/11.16/fxgl-11.16.jar!/fxglassets/textures/fxgl_icon.png
05:22:55.490 [FXGL Background Thread 4 ] DEBUG FXGLAssetLoaderServi - Loading from file system: jar:file:/C:/Users/kingk/.m2/repository/com/github/almasb/fxgl/11.16/fxgl-11.16.jar!/fxglassets/ui/fonts/Abel-Regular.ttf
05:22:55.497 [FXGL Background Thread 4 ] DEBUG FXGLAssetLoaderServi - Loading from file system: jar:file:/C:/Users/kingk/.m2/repository/com/github/almasb/fxgl/11.16/fxgl-11.16.jar!/fxglassets/ui/fonts/lucida_console.ttf
05:22:55.501 [JavaFX Application Thread] DEBUG FXGLAssetLoaderServi - Loading from file system: jar:file:/C:/Users/kingk/.m2/repository/com/github/almasb/fxgl/11.16/fxgl-11.16.jar!/fxglassets/textures/fxgl_default_cursor.png
05:22:55.502 [JavaFX Application Thread] DEBUG Input                - Registered new binding: Screenshot - CTRL+8
05:22:55.503 [JavaFX Application Thread] DEBUG Input                - Registered new binding: System info dump - CTRL+9
05:22:55.503 [JavaFX Application Thread] DEBUG Input                - Registered new binding: Restart - CTRL+R
05:22:55.504 [JavaFX Application Thread] DEBUG Input                - Registered new binding: Toggle Debug Camera - CTRL+C
05:22:55.505 [JavaFX Application Thread] DEBUG LoopRunner           - Starting loop
05:22:55.505 [JavaFX Application Thread] DEBUG LoopRunner           - Initializing JavaFX AnimationTimerLoop
05:22:55.506 [JavaFX Application Thread] DEBUG GameApplicationServi - Starting new game
05:22:55.506 [FXGL Background Thread 4 ] DEBUG FXGLAssetLoaderServi - Loading from file system: jar:file:/C:/Users/kingk/.m2/repository/com/github/almasb/fxgl/11.16/fxgl-11.16.jar!/fxglassets/ui/fonts/Courier-Prime.ttf
05:22:55.506 [JavaFX Application Thread] DEBUG Input                - Clearing active input actions
05:22:55.512 [JavaFX Application Thread] DEBUG GameApplicationServi - Removing overlay from FXGLStartupScene and adding to FXGLLoadingScene
05:22:55.512 [JavaFX Application Thread] DEBUG PrimaryStageWindow   - FXGLStartupScene -> FXGLLoadingScene
05:22:55.512 [JavaFX Application Thread] DEBUG GameApplicationServi - Clearing previous game
05:22:55.513 [JavaFX Application Thread] DEBUG GameScene            - Clearing game scene
05:22:55.513 [JavaFX Application Thread] DEBUG GameWorld            - Clearing game world
05:22:55.513 [JavaFX Application Thread] DEBUG PhysicsWorld         - Clearing physics world
05:22:55.514 [FXGL Background Thread 1 ] DEBUG FXGLApplication      - Initializing game
05:22:55.515 [JavaFX Application Thread] DEBUG FXGLApplication      - Registering font factories with UI factory
05:22:55.518 [FXGL Background Thread 1 ] INFO  FXGLApplication      - Game initialization took: 0.004 sec
05:22:55.518 [JavaFX Application Thread] DEBUG Input                - Clearing active input actions
05:22:55.521 [JavaFX Application Thread] DEBUG GameApplicationServi - Removing overlay from FXGLLoadingScene and adding to GameScene
05:22:55.521 [JavaFX Application Thread] DEBUG PrimaryStageWindow   - FXGLLoadingScene -> GameScene
05:22:58.478 [FXGL Background Thread 3 ] DEBUG Engine               - Logging environment variables
05:22:58.478 [FXGL Background Thread 3 ] DEBUG Engine               - achievements: []
05:22:58.478 [FXGL Background Thread 3 ] DEBUG Engine               - actualHeight: 600.0
05:22:58.478 [FXGL Background Thread 3 ] DEBUG Engine               - actualHeightProperty: ReadOnlyDoubleProperty [value: 600.0]
05:22:58.478 [FXGL Background Thread 3 ] DEBUG Engine               - actualWidth: 800.0
05:22:58.478 [FXGL Background Thread 3 ] DEBUG Engine               - actualWidthProperty: ReadOnlyDoubleProperty [value: 800.0]
05:22:58.478 [FXGL Background Thread 3 ] DEBUG Engine               - appIcon: fxgl_icon.png
05:22:58.478 [FXGL Background Thread 3 ] DEBUG Engine               - applicationMode: DEVELOPER
05:22:58.478 [FXGL Background Thread 3 ] DEBUG Engine               - cSSList: [fxgl_dark.css]
05:22:58.478 [FXGL Background Thread 3 ] DEBUG Engine               - collisionDetectionStrategy: BRUTE_FORCE
05:22:58.478 [FXGL Background Thread 3 ] DEBUG Engine               - configClass: Optional.empty
05:22:58.478 [FXGL Background Thread 3 ] DEBUG Engine               - credits: []
05:22:58.479 [FXGL Background Thread 3 ] DEBUG Engine               - defaultCursor: CursorInfo(imageName=fxgl_default_cursor.png, hotspotX=7.0, hotspotY=6.0)
05:22:58.479 [FXGL Background Thread 3 ] DEBUG Engine               - devBBoxColorProperty: ObjectProperty [value: 0xff0000ff]
05:22:58.479 [FXGL Background Thread 3 ] DEBUG Engine               - devEnableDebugCameraProperty: BooleanProperty [value: false]
05:22:58.479 [FXGL Background Thread 3 ] DEBUG Engine               - devSensorColorProperty: ObjectProperty [value: 0xffff00ff]
05:22:58.479 [FXGL Background Thread 3 ] DEBUG Engine               - devShowBBoxProperty: BooleanProperty [value: false]
05:22:58.479 [FXGL Background Thread 3 ] DEBUG Engine               - devShowPositionProperty: BooleanProperty [value: false]
05:22:58.479 [FXGL Background Thread 3 ] DEBUG Engine               - enabledMenuItems: []
05:22:58.479 [FXGL Background Thread 3 ] DEBUG Engine               - engineServices: [class com.almasb.fxgl.app.services.FXGLAssetLoaderService, class com.almasb.fxgl.app.FXGLApplication$GameApplicationService, class com.almasb.fxgl.app.services.FXGLDialogService, class com.almasb.fxgl.app.services.IOTaskExecutorService, class com.almasb.fxgl.io.FileSystemService, class com.almasb.fxgl.localization.LocalizationService, class com.almasb.fxgl.app.services.SystemBundleService, class com.almasb.fxgl.profile.SaveLoadService, class com.almasb.fxgl.ui.FXGLUIFactoryServiceProvider, class com.almasb.fxgl.ui.FXGLDialogFactoryServiceProvider, class com.almasb.fxgl.audio.AudioPlayer, class com.almasb.fxgl.notification.impl.NotificationServiceProvider, class com.almasb.fxgl.achievement.AchievementService, class com.almasb.fxgl.cutscene.CutsceneService, class com.almasb.fxgl.minigames.MiniGameService, class com.almasb.fxgl.net.NetService, class com.almasb.fxgl.app.services.UpdaterService, class com.almasb.fxgl.dev.DevService]
05:22:58.479 [FXGL Background Thread 3 ] DEBUG Engine               - fontGame: Abel-Regular.ttf
05:22:58.479 [FXGL Background Thread 3 ] DEBUG Engine               - fontMono: lucida_console.ttf
05:22:58.479 [FXGL Background Thread 3 ] DEBUG Engine               - fontText: Courier-Prime.ttf
05:22:58.479 [FXGL Background Thread 3 ] DEBUG Engine               - fontUI: VarelaRound-Regular.ttf
05:22:58.479 [FXGL Background Thread 3 ] DEBUG Engine               - fullScreen: BooleanProperty [value: false]
05:22:58.480 [FXGL Background Thread 3 ] DEBUG Engine               - gameDifficulty: MEDIUM
05:22:58.480 [FXGL Background Thread 3 ] DEBUG Engine               - gameDifficultyProperty: ObjectProperty [value: MEDIUM]
05:22:58.480 [FXGL Background Thread 3 ] DEBUG Engine               - globalMusicVolume: 0.5
05:22:58.480 [FXGL Background Thread 3 ] DEBUG Engine               - globalMusicVolumeProperty: DoubleProperty [value: 0.5]
05:22:58.480 [FXGL Background Thread 3 ] DEBUG Engine               - globalSoundVolume: 0.5
05:22:58.480 [FXGL Background Thread 3 ] DEBUG Engine               - globalSoundVolumeProperty: DoubleProperty [value: 0.5]
05:22:58.480 [FXGL Background Thread 3 ] DEBUG Engine               - height: 600
05:22:58.480 [FXGL Background Thread 3 ] DEBUG Engine               - is3D: false
05:22:58.480 [FXGL Background Thread 3 ] DEBUG Engine               - isAndroid: false
05:22:58.480 [FXGL Background Thread 3 ] DEBUG Engine               - isBrowser: false
05:22:58.480 [FXGL Background Thread 3 ] DEBUG Engine               - isClickFeedbackEnabled: false
05:22:58.480 [FXGL Background Thread 3 ] DEBUG Engine               - isCloseConfirmation: false
05:22:58.480 [FXGL Background Thread 3 ] DEBUG Engine               - isDesktop: true
05:22:58.480 [FXGL Background Thread 3 ] DEBUG Engine               - isDeveloperMenuEnabled: false
05:22:58.480 [FXGL Background Thread 3 ] DEBUG Engine               - isEntityPreloadEnabled: true
05:22:58.480 [FXGL Background Thread 3 ] DEBUG Engine               - isExperimentalTiledLargeMap: false
05:22:58.480 [FXGL Background Thread 3 ] DEBUG Engine               - isFileSystemWriteAllowed: true
05:22:58.480 [FXGL Background Thread 3 ] DEBUG Engine               - isFullScreenAllowed: false
05:22:58.480 [FXGL Background Thread 3 ] DEBUG Engine               - isFullScreenFromStart: false
05:22:58.481 [FXGL Background Thread 3 ] DEBUG Engine               - isGameMenuEnabled: true
05:22:58.481 [FXGL Background Thread 3 ] DEBUG Engine               - isIOS: false
05:22:58.481 [FXGL Background Thread 3 ] DEBUG Engine               - isIntroEnabled: false
05:22:58.481 [FXGL Background Thread 3 ] DEBUG Engine               - isLinux: false
05:22:58.481 [FXGL Background Thread 3 ] DEBUG Engine               - isMac: false
05:22:58.481 [FXGL Background Thread 3 ] DEBUG Engine               - isMainMenuEnabled: false
05:22:58.481 [FXGL Background Thread 3 ] DEBUG Engine               - isManualResizeEnabled: false
05:22:58.481 [FXGL Background Thread 3 ] DEBUG Engine               - isMobile: false
05:22:58.481 [FXGL Background Thread 3 ] DEBUG Engine               - isNative: false
05:22:58.481 [FXGL Background Thread 3 ] DEBUG Engine               - isPreserveResizeRatio: false
05:22:58.481 [FXGL Background Thread 3 ] DEBUG Engine               - isProfilingEnabled: false
05:22:58.481 [FXGL Background Thread 3 ] DEBUG Engine               - isScaleAffectedOnResize: true
05:22:58.481 [FXGL Background Thread 3 ] DEBUG Engine               - isSingleStep: false
05:22:58.481 [FXGL Background Thread 3 ] DEBUG Engine               - isUserProfileEnabled: false
05:22:58.481 [FXGL Background Thread 3 ] DEBUG Engine               - isWindows: true
05:22:58.481 [FXGL Background Thread 3 ] DEBUG Engine               - language: ObjectProperty [value: ENGLISH]
05:22:58.481 [FXGL Background Thread 3 ] DEBUG Engine               - menuKey: ESCAPE
05:22:58.481 [FXGL Background Thread 3 ] DEBUG Engine               - mouseSensitivity: 0.2
05:22:58.482 [FXGL Background Thread 3 ] DEBUG Engine               - notificationViewClass: class com.almasb.fxgl.notification.view.XboxNotificationView
05:22:58.482 [FXGL Background Thread 3 ] DEBUG Engine               - pixelsPerMeter: 50.0
05:22:58.482 [FXGL Background Thread 3 ] DEBUG Engine               - platform: WINDOWS
05:22:58.482 [FXGL Background Thread 3 ] DEBUG Engine               - prefHeightProperty: ReadOnlyDoubleProperty [value: 600.0]
05:22:58.482 [FXGL Background Thread 3 ] DEBUG Engine               - prefWidthProperty: ReadOnlyDoubleProperty [value: 800.0]
05:22:58.482 [FXGL Background Thread 3 ] DEBUG Engine               - profileDir: profiles/
05:22:58.482 [FXGL Background Thread 3 ] DEBUG Engine               - profileName: StringProperty [value: DEFAULT]
05:22:58.482 [FXGL Background Thread 3 ] DEBUG Engine               - randomSeed: -1
05:22:58.482 [FXGL Background Thread 3 ] DEBUG Engine               - runtimeInfo: RuntimeInfo(platform=WINDOWS, version=11.16, build=25.05.2021 08.16)
05:22:58.482 [FXGL Background Thread 3 ] DEBUG Engine               - saveFileExt: sav
05:22:58.482 [FXGL Background Thread 3 ] DEBUG Engine               - scaledHeightProp$fxgl: DoubleProperty [bound, value: 600.0]
05:22:58.482 [FXGL Background Thread 3 ] DEBUG Engine               - scaledWidthProp$fxgl: DoubleProperty [bound, value: 800.0]
05:22:58.482 [FXGL Background Thread 3 ] DEBUG Engine               - sceneFactory: com.almasb.fxgl.app.scene.SceneFactory@311c2533
05:22:58.482 [FXGL Background Thread 3 ] DEBUG Engine               - secondsIn24h: 60
05:22:58.482 [FXGL Background Thread 3 ] DEBUG Engine               - soundMenuBack: menu/back.wav
05:22:58.482 [FXGL Background Thread 3 ] DEBUG Engine               - soundMenuPress: menu/press.wav
05:22:58.482 [FXGL Background Thread 3 ] DEBUG Engine               - soundMenuSelect: menu/select.wav
05:22:58.482 [FXGL Background Thread 3 ] DEBUG Engine               - soundNotification: core/notification.wav
05:22:58.482 [FXGL Background Thread 3 ] DEBUG Engine               - stageStyle: DECORATED
05:22:58.482 [FXGL Background Thread 3 ] DEBUG Engine               - supportedLanguages: [ENGLISH, FRENCH, GERMAN, HUNGARIAN, RUSSIAN]
05:22:58.483 [FXGL Background Thread 3 ] DEBUG Engine               - ticksPerSecond: -1
05:22:58.483 [FXGL Background Thread 3 ] DEBUG Engine               - title: Game
05:22:58.483 [FXGL Background Thread 3 ] DEBUG Engine               - urlGithub: https://github.com/AlmasB/FXGL
05:22:58.483 [FXGL Background Thread 3 ] DEBUG Engine               - urlLeaderboard: http://fxgl-top.herokuapp.com/
05:22:58.483 [FXGL Background Thread 3 ] DEBUG Engine               - urlPOM: https://raw.githubusercontent.com/AlmasB/FXGL/release/README.md
05:22:58.483 [FXGL Background Thread 3 ] DEBUG Engine               - userAppClass: class me.kodysimpson.javabasedconfiguration.JavaBasedConfigurationApplication
05:22:58.483 [FXGL Background Thread 3 ] DEBUG Engine               - version: 0.0
05:22:58.483 [FXGL Background Thread 3 ] DEBUG Engine               - versionCheckDays: 7
05:22:58.483 [FXGL Background Thread 3 ] DEBUG Engine               - width: 800
05:22:58.483 [FXGL Background Thread 3 ] DEBUG Engine               - Logging services
05:22:58.483 [FXGL Background Thread 3 ] DEBUG Engine               - class com.almasb.fxgl.app.services.FXGLAssetLoaderService
05:22:58.483 [FXGL Background Thread 3 ] DEBUG Engine               - class com.almasb.fxgl.app.FXGLApplication$GameApplicationService
05:22:58.483 [FXGL Background Thread 3 ] DEBUG Engine               - class com.almasb.fxgl.app.services.FXGLDialogService
05:22:58.483 [FXGL Background Thread 3 ] DEBUG Engine               - class com.almasb.fxgl.app.services.IOTaskExecutorService
05:22:58.483 [FXGL Background Thread 3 ] DEBUG Engine               - class com.almasb.fxgl.io.FileSystemService
05:22:58.483 [FXGL Background Thread 3 ] DEBUG Engine               - class com.almasb.fxgl.localization.LocalizationService
05:22:58.483 [FXGL Background Thread 3 ] DEBUG Engine               - class com.almasb.fxgl.app.services.SystemBundleService
05:22:58.484 [FXGL Background Thread 3 ] DEBUG Engine               - class com.almasb.fxgl.profile.SaveLoadService
05:22:58.484 [FXGL Background Thread 3 ] DEBUG Engine               - class com.almasb.fxgl.ui.FXGLUIFactoryServiceProvider
05:22:58.484 [FXGL Background Thread 3 ] DEBUG Engine               - class com.almasb.fxgl.ui.FXGLDialogFactoryServiceProvider
05:22:58.484 [FXGL Background Thread 3 ] DEBUG Engine               - class com.almasb.fxgl.audio.AudioPlayer
05:22:58.484 [FXGL Background Thread 3 ] DEBUG Engine               - class com.almasb.fxgl.notification.impl.NotificationServiceProvider
05:22:58.484 [FXGL Background Thread 3 ] DEBUG Engine               - class com.almasb.fxgl.achievement.AchievementService
05:22:58.484 [FXGL Background Thread 3 ] DEBUG Engine               - class com.almasb.fxgl.cutscene.CutsceneService
05:22:58.484 [FXGL Background Thread 3 ] DEBUG Engine               - class com.almasb.fxgl.minigames.MiniGameService
05:22:58.484 [FXGL Background Thread 3 ] DEBUG Engine               - class com.almasb.fxgl.net.NetService
05:22:58.484 [FXGL Background Thread 3 ] DEBUG Engine               - class com.almasb.fxgl.app.services.UpdaterService
05:22:58.484 [FXGL Background Thread 3 ] DEBUG Engine               - class com.almasb.fxgl.dev.DevService
05:23:02.989 [JavaFX Application Thread] DEBUG FXGLApplication      - Exiting FXGL
05:23:02.989 [JavaFX Application Thread] DEBUG LoopRunner           - Stopping loop
05:23:02.989 [JavaFX Application Thread] DEBUG SystemBundleService  - Saving FXGL system data
05:23:02.990 [JavaFX Application Thread] DEBUG FileSystemAccess     - Writing to: D:\Development\Spring Framework\Java Based Configuration\system\fxgl.bundle
05:23:02.990 [JavaFX Application Thread] DEBUG Async                - Shutting down background threads
05:23:02.990 [JavaFX Application Thread] DEBUG PrimaryStageWindow   - Closing main window
05:23:03.000 [JavaFX Application Thread] DEBUG Logger               - Closing Logger
